<?xml version="1.0" encoding="UTF-8"?>
<!-- Generated by org.testng.reporters.JUnitXMLReporter -->
<testsuite hostname="DDC2-D-6PGR9B2" ignored="0" name="Testing suite 2" tests="1" failures="0" timestamp="24 Dec 2018 07:40:22 GMT" time="0.013" errors="0">
  <testcase name="@BeforeClass openBrowser" time="0.0" classname="com.cardinal.core.CommanFunctions">
    <failure type="org.testng.TestNGException" message="
Parameter &amp;apos;browser&amp;apos; is required by BeforeClass on method openBrowser but has not been marked @Optional or defined
in C:\Automation\Care\TestNG.xml">
      <![CDATA[org.testng.TestNGException: 
Parameter 'browser' is required by BeforeClass on method openBrowser but has not been marked @Optional or defined
in C:\Automation\Care\TestNG.xml
... Removed 23 stack frames]]>
    </failure>
  </testcase> <!-- @BeforeClass openBrowser -->
  <testcase name="@AfterClass closeBrowser" time="0.0" classname="com.cardinal.core.CommanFunctions">
    <skipped/>
  </testcase> <!-- @AfterClass closeBrowser -->
  <testcase name="test1" time="0.0" classname="com.cardinal.core.CommanFunctions">
    <skipped/>
  </testcase> <!-- test1 -->
</testsuite> <!-- Testing suite 2 -->
